W key0 = 4,389002671
R key0 = 4,389002671
D key0 

W T1_3_0 = 7,1100245335
W T1_2_0 = 7,1079378784
W T1_0_0 = 7,1137891086
W T1_1_0 = 7,1108393273
W T1_3_1 = 7,915626433
W T1_1_1 = 7,890736047
W T1_2_1 = 7,928068598
W T1_0_1 = 7,886433688
W T1_3_2 = 7,-1348859781
W T1_0_2 = 7,-1378044382
W T1_2_2 = 7,-1369939380
W T1_3_3 = 7,-660784915
W T1_1_2 = 7,-1407263723
W T1_0_3 = 7,-623147340
W T1_3_4 = 7,1190767950
W T1_0_4 = 7,1153372951
W T1_1_3 = 7,-619058045
W T1_3_5 = 7,838770136
W T1_2_3 = 7,-648064294
W T1_2_4 = 7,1195100025
W T1_1_4 = 7,1165850912
W T1_0_5 = 7,867705729
W T1_3_6 = 7,-1460155294
W T1_1_5 = 7,846875062
W T1_0_6 = 7,-1431211461
W T1_2_5 = 7,809301999
W T1_3_7 = 7,-537854732
W T1_3_8 = 7,1330635109
W T1_0_7 = 7,-575257939
W T1_2_6 = 7,-1456101803
W T1_0_8 = 7,1292459836
W T1_1_6 = 7,-1418520564
W T1_0_9 = 7,974024618
W T1_3_9 = 7,944296435
W T1_2_7 = 7,-567109949
W T1_1_7 = 7,-596367206
W T1_2_8 = 7,1317899090
W T1_0_10 = 8,171643312
W T1_3_10 = 8,412008030
W T1_1_8 = 7,1288385803
W T1_2_9 = 7,965393348
W T1_3_11 = 8,1871285960
W T1_0_11 = 8,2101092646
W T1_1_9 = 7,1003226525
W T1_3_12 = 8,-159326350
W T1_1_10 = 8,-1299745067
W T1_2_10 = 8,-1607280325
W T1_0_12 = 8,-466259812
W T1_0_13 = 8,-1825423350
W T1_3_13 = 8,-2121797660
W T1_2_11 = 8,-684332627
W T1_1_11 = 8,-981449149
W T1_0_14 = 8,223794601
W T1_3_14 = 8,535001671
W T1_0_15 = 8,2052187455
W T1_3_15 = 8,1759791825
W T1_2_12 = 8,1312602135
W T1_1_12 = 8,1552488441
W T1_1_13 = 8,730736495
W T1_1_14 = 8,-1242910004
W T1_3_16 = 8,-236119189
W T1_0_16 = 8,-480725883
W T1_1_15 = 8,-1024621990
W T1_0_17 = 8,-1805679597
W T1_2_13 = 8,960202881
W T1_3_17 = 8,-2031473667
W T1_2_14 = 8,-1486938846
W T1_3_18 = 8,374683244
W T1_1_16 = 8,1541723104
W T1_0_18 = 8,81828226
W T1_0_19 = 8,1944561940
W T1_3_19 = 8,1632765690
W T1_1_17 = 8,753132406
W T1_2_15 = 8,-799527500
R T1_0_0 = 7,1137891086
R T1_3_0 = 7,1100245335
W T1_2_16 = 8,1230076942
W T1_1_18 = 8,-1134756121
W T1_2_17 = 8,1045843096
R T1_0_1 = 7,886433688
R T1_3_1 = 7,915626433
R T1_0_2 = 7,-1378044382
W T1_2_18 = 8,-1360441079
R T1_3_2 = 7,-1348859781
W T1_1_19 = 8,-883175823
R T1_0_3 = 7,-623147340
R T1_0_4 = 7,1153372951
W T1_2_19 = 8,-638688865
R T1_0_5 = 7,867705729
R T1_3_3 = 7,-660784915
R T1_1_0 = 7,1108393273
R T1_0_6 = 7,-1431211461
R T1_2_0 = 7,1079378784
R T1_2_1 = 7,928068598
R T1_2_2 = 7,-1369939380
R T1_3_4 = 7,1190767950
R T1_3_5 = 7,838770136
R T1_1_1 = 7,890736047
R T1_2_3 = 7,-648064294
R T1_0_7 = 7,-575257939
R T1_0_8 = 7,1292459836
R T1_1_2 = 7,-1407263723
R T1_0_9 = 7,974024618
R T1_2_4 = 7,1195100025
R T1_1_3 = 7,-619058045
R T1_3_6 = 7,-1460155294
R T1_1_4 = 7,1165850912
R T1_3_7 = 7,-537854732
R T1_0_10 = 8,171643312
R T1_1_5 = 7,846875062
R T1_2_5 = 7,809301999
R T1_1_6 = 7,-1418520564
R T1_3_8 = 7,1330635109
R T1_2_6 = 7,-1456101803
R T1_0_11 = 8,2101092646
R T1_1_7 = 7,-596367206
R T1_3_9 = 7,944296435
R T1_0_12 = 8,-466259812
R T1_2_7 = 7,-567109949
R T1_1_8 = 7,1288385803
R T1_1_9 = 7,1003226525
R T1_3_10 = 8,412008030
R T1_1_10 = 8,-1299745067
R T1_0_13 = 8,-1825423350
R T1_2_8 = 7,1317899090
R T1_0_14 = 8,223794601
R T1_3_11 = 8,1871285960
R T1_0_15 = 8,2052187455
R T1_1_11 = 8,-981449149
R T1_2_9 = 7,965393348
R T1_3_12 = 8,-159326350
R T1_2_10 = 8,-1607280325
R T1_1_12 = 8,1552488441
R T1_0_16 = 8,-480725883
R T1_0_17 = 8,-1805679597
R T1_3_13 = 8,-2121797660
R T1_1_13 = 8,730736495
R T1_2_11 = 8,-684332627
R T1_2_12 = 8,1312602135
R T1_0_18 = 8,81828226
R T1_0_19 = 8,1944561940
R T1_3_14 = 8,535001671
R T1_1_14 = 8,-1242910004
R T1_2_13 = 8,960202881
R T1_3_15 = 8,1759791825
R T1_2_14 = 8,-1486938846
R T1_1_15 = 8,-1024621990
R T1_1_16 = 8,1541723104
R T1_1_17 = 8,753132406
R T1_3_16 = 8,-236119189
R T1_2_15 = 8,-799527500
R T1_1_18 = 8,-1134756121
R T1_3_17 = 8,-2031473667
R T1_1_19 = 8,-883175823
R T1_2_16 = 8,1230076942
R T1_3_18 = 8,374683244
R T1_2_17 = 8,1045843096
R T1_2_18 = 8,-1360441079
R T1_3_19 = 8,1632765690
R T1_2_19 = 8,-638688865
D T1_0_0 

D T1_0_1 

D T1_0_2 

D T1_0_3 

D T1_0_4 

D T1_0_5 

D T1_0_6 

D T1_0_7 

D T1_0_8 

D T1_0_9 

D T1_0_10 

D T1_0_11 

D T1_0_12 

D T1_0_13 

D T1_0_14 

D T1_0_15 

D T1_0_16 

D T1_0_17 

D T1_0_18 

D T1_0_19 

D T1_1_0 

D T1_1_1 

D T1_1_2 

D T1_1_3 

D T1_1_4 

D T1_1_5 

D T1_1_6 

D T1_1_7 

D T1_1_8 

D T1_1_9 

D T1_1_10 

D T1_1_11 

D T1_1_12 

D T1_1_13 

D T1_1_14 

D T1_1_15 

D T1_1_16 

D T1_1_17 

D T1_1_18 

D T1_1_19 

D T1_2_0 

D T1_2_1 

D T1_2_2 

D T1_2_3 

D T1_2_4 

D T1_2_5 

D T1_2_6 

D T1_2_7 

D T1_2_8 

D T1_2_9 

D T1_2_10 

D T1_2_11 

D T1_2_12 

D T1_2_13 

D T1_2_14 

D T1_2_15 

D T1_2_16 

D T1_2_17 

D T1_2_18 

D T1_2_19 

D T1_3_0 

D T1_3_1 

D T1_3_2 

D T1_3_3 

D T1_3_4 

D T1_3_5 

D T1_3_6 

D T1_3_7 

D T1_3_8 

D T1_3_9 

D T1_3_10 

D T1_3_11 

D T1_3_12 

D T1_3_13 

D T1_3_14 

D T1_3_15 

D T1_3_16 

D T1_3_17 

D T1_3_18 

D T1_3_19 

W SHARED_KEY = 13,-498933242
W SHARED_KEY = 13,1977479983
W SHARED_KEY = 13,-743769957
W SHARED_KEY = 13,-1532114931
W SHARED_KEY = 13,-1790586224
W SHARED_KEY = 13,47891385
W SHARED_KEY = 13,206340906
W SHARED_KEY = 13,-1680633341
W SHARED_KEY = 13,1034197431
W SHARED_KEY = 13,2068558780
W SHARED_KEY = 13,1252239649
W SHARED_KEY = 13,-321609067
W SHARED_KEY = 13,-725140350
W SHARED_KEY = 13,-449894881
W SHARED_KEY = 13,1924151094
W SHARED_KEY = 13,-1842866551
W SHARED_KEY = 13,-1547695084
W SHARED_KEY = 13,95881120
W SHARED_KEY = 13,186730291
W SHARED_KEY = 13,986275246
W SHARED_KEY = 13,2082895781
W SHARED_KEY = 13,-1665247718
W SHARED_KEY = 13,-340171124
W SHARED_KEY = 13,1305374008
W SHARED_KEY = 13,-579768151
W SHARED_KEY = 13,-325490124
W SHARED_KEY = 13,2064022301
W SHARED_KEY = 13,-1435090881
W SHARED_KEY = 13,201411467
W SHARED_KEY = 13,-1684120926
W SHARED_KEY = 14,1180962506
W SHARED_KEY = 14,-1966207404
W SHARED_KEY = 14,828587612
W SHARED_KEY = 14,71371191
W SHARED_KEY = 14,-37142846
W SHARED_KEY = 14,1933981985
W SHARED_KEY = 14,1690333048
W SHARED_KEY = 14,-1469419546
W SHARED_KEY = 14,331833326
W SHARED_KEY = 14,-363894629
W SHARED_KEY = 14,-1918645683
W SHARED_KEY = 14,-546480272
W SHARED_KEY = 14,-1656203251
W SHARED_KEY = 14,-89851173
W SHARED_KEY = 14,53267886
W SHARED_KEY = 14,1672325985
W SHARED_KEY = 14,1091160787
W SHARED_KEY = 14,346725367
W SHARED_KEY = 14,1949039928
W SHARED_KEY = 14,-316494718
W SHARED_KEY = 14,-1708811244
W SHARED_KEY = 14,-2078964122
W SHARED_KEY = 14,906951237
W SHARED_KEY = 14,-1358451713
W SHARED_KEY = 14,177897861
W SHARED_KEY = 14,-671048855
W SHARED_KEY = 14,-216877328
W SHARED_KEY = 14,1220511480
W SHARED_KEY = 14,2107486483
W SHARED_KEY = 14,1069069934
W SHARED_KEY = 13,1144383922
W SHARED_KEY = 13,858970404
W SHARED_KEY = 13,-1438938978
W SHARED_KEY = 13,-583223288
W SHARED_KEY = 13,1129852331
W SHARED_KEY = 13,878648637
W SHARED_KEY = 13,-1386853241
W SHARED_KEY = 13,-632194031
W SHARED_KEY = 13,1257136512
W SHARED_KEY = 13,1038700822
W SHARED_KEY = 14,-924120791
W SHARED_KEY = 14,-1075037761
W SHARED_KEY = 14,652568581
W SHARED_KEY = 14,1373788307
W SHARED_KEY = 14,-813249232
W SHARED_KEY = 14,-1199440474
W SHARED_KEY = 14,562605084
W SHARED_KEY = 14,1452252298
W SHARED_KEY = 14,-969899749
W SHARED_KEY = 14,-1321750131
R SHARED_KEY = 14,-1321750131
D SHARED_KEY 

D T3_KEY0 

W T3_KEY0 = 5,-1323257266
D T3_KEY0 

D T3_KEY0 

W T3_KEY1 = 5,-970489128
W T3_KEY0 = 5,455703237
D T3_KEY1 

D T3_KEY1 

W T3_KEY1 = 5,1814973011
D T3_KEY1 

D T3_KEY2 

W T3_KEY2 = 5,1596904290
D T3_KEY2 

W T3_KEY2 = 5,-181986327
D T3_KEY3 

W T3_KEY3 = 5,673833972
W T3_KEY3 = 5,-2111820929
D T3_KEY4 

D T3_KEY2 

W T3_KEY4 = 5,474267356
D T3_KEY3 

W T3_KEY4 = 5,-1236437417
D T3_KEY0 

D T3_KEY4 

D T3_KEY3 

W T3_KEY0 = 5,1799589450
D T3_KEY0 

W T3_KEY0 = 5,-1052096831
D T3_KEY1 

W T3_KEY1 = 5,1480791931
D T3_KEY4 

D T3_KEY1 

W T3_KEY1 = 5,-229974032
D T3_KEY2 

D T3_KEY2 

W T3_KEY2 = 5,792995821
D T3_KEY3 

D T3_KEY0 

W T3_KEY2 = 5,-2058490010
D T3_KEY3 

W T3_KEY3 = 5,-1074054532
W T3_KEY3 = 5,368243447
D T3_KEY4 

D T3_KEY1 

W T3_KEY4 = 5,1660273249
D T3_KEY4 

W T3_KEY0 = 6,114684197
W T3_KEY4 = 5,-923006230
D T3_KEY0 

D T3_KEY2 

W T3_KEY0 = 6,2081792581
W T3_KEY1 = 6,1909637555
D T3_KEY0 

D T3_KEY3 

D T3_KEY1 

W T3_KEY2 = 6,-388263927
D T3_KEY4 

W T3_KEY1 = 6,185766611
D T3_KEY0 

W T3_KEY3 = 6,-1612930913
D T3_KEY1 

W T3_KEY2 = 6,-1843674263
D T3_KEY2 

D T3_KEY1 

W T3_KEY4 = 6,28849468
D T3_KEY2 

D T3_KEY2 

W T3_KEY0 = 6,1992230314
D T3_KEY3 

W T3_KEY3 = 6,-451087361
W T3_KEY4 = 6,2071488092
D T3_KEY3 

D T3_KEY3 

W T3_KEY1 = 6,-273263600
W T3_KEY0 = 6,209671882
D T3_KEY4 

D T3_KEY4 

W T3_KEY1 = 6,-1787426960
D T3_KEY4 

W T3_KEY2 = 6,-1733204858
D T3_KEY0 

D T3_KEY0 

D T3_KEY0 

W T3_KEY2 = 6,-495896602
W T3_KEY3 = 6,135166231
W T3_KEY3 = 6,1926113911
D T3_KEY1 

D T3_KEY1 

D T3_KEY1 

D T3_KEY2 

W T3_KEY4 = 6,2131315073
W T3_KEY4 = 6,97065697
D T3_KEY2 

D T3_KEY3 

D T3_KEY2 

D T3_KEY3 

D T3_KEY3 

D T3_KEY4 

D T3_KEY4 

D T3_KEY4 

D T3_KEY0 

W T3_KEY0 = 5,-1550508640
D T3_KEY1 

W T3_KEY0 = 5,161273131
W T3_KEY1 = 5,-728617674
D T3_KEY2 

D T3_KEY3 

W T3_KEY1 = 5,2124146109
W T3_KEY2 = 5,1302035596
W T3_KEY2 = 5,-409816057
D T3_KEY4 

D T3_KEY0 

W T3_KEY3 = 5,983321626
W T3_KEY3 = 5,-1869249391
W T3_KEY4 = 5,-1527195207
D T3_KEY1 

W T3_KEY4 = 5,250679602
D T3_KEY2 

W T3_KEY0 = 5,-738203345
D T3_KEY3 

W T3_KEY0 = 5,2046173604
W T3_KEY1 = 5,1257683093
D T3_KEY4 

W T3_KEY1 = 5,-520130530
D T3_KEY0 

W T3_KEY2 = 5,1039239171
W T3_KEY2 = 5,-1745338232
W T3_KEY3 = 5,-1387358830
W T3_KEY4 = 5,-632707836
D T3_KEY1 

W T3_KEY3 = 5,122117401
W T3_KEY0 = 6,1001773205
D T3_KEY2 

D T3_KEY3 

W T3_KEY4 = 5,1883270543
W T3_KEY1 = 6,1286793219
W T3_KEY2 = 6,-709117511
D T3_KEY4 

W T3_KEY0 = 6,1098222581
D T3_KEY0 

W T3_KEY1 = 6,913488739
W T3_KEY3 = 6,-1564702417
D T3_KEY1 

W T3_KEY4 = 6,1020796044
W T3_KEY0 = 6,1272917018
W T3_KEY2 = 6,-1350833447
W T3_KEY3 = 6,-662906289
W T3_KEY4 = 6,1175998444
D T3_KEY2 

W T3_KEY1 = 6,-757695072
D T3_KEY3 

W T3_KEY0 = 6,824147834
W T3_KEY2 = 6,-1513009866
W T3_KEY1 = 6,-1474941248
W T3_KEY3 = 6,896422055
D T3_KEY4 

W T3_KEY2 = 6,-552526250
W T3_KEY4 = 6,1114202161
W T3_KEY3 = 6,1336804295
W T3_KEY4 = 6,950612817
R T3_KEY0 = 6,824147834
D T3_KEY0 

R T3_KEY1 = 6,-1474941248
D T3_KEY1 

R T3_KEY2 = 6,-552526250
D T3_KEY2 

R T3_KEY3 = 6,1336804295
D T3_KEY3 

R T3_KEY4 = 6,950612817
D T3_KEY4 

W T4_OWNER_2 = 5,639022509
W T4_OWNER_1 = 5,609225716
W T4_OWNER_0 = 5,630350275
R T4_OWNER_1 = 5,609225716
R T4_OWNER_2 = 5,639022509
W T4_OWNER_1 = 5,1398225762
R T4_OWNER_0 = 5,630350275
W T4_OWNER_2 = 5,1360102715
R T4_OWNER_2 = 5,1360102715
W T4_OWNER_0 = 5,1385517397
R T4_OWNER_1 = 5,1398225762
R T4_OWNER_0 = 5,1385517397
W T4_OWNER_1 = 5,-899781928
W T4_OWNER_2 = 5,-937896831
R T4_OWNER_2 = 5,-937896831
W T4_OWNER_0 = 5,-878968593
R T4_OWNER_1 = 5,-899781928
R T4_OWNER_0 = 5,-878968593
W T4_OWNER_1 = 5,-1118217650
W T4_OWNER_2 = 5,-1088429033
W T4_OWNER_0 = 5,-1130680199
R T4_OWNER_1 = 5,-1118217650
R T4_OWNER_0 = 5,-1130680199
W T4_OWNER_0 = 5,587179482
R T4_OWNER_2 = 5,-1088429033
R T4_OWNER_0 = 5,587179482
W T4_OWNER_1 = 5,591253485
W T4_OWNER_2 = 5,561738164
W T4_OWNER_0 = 5,1442354508
R T4_OWNER_2 = 5,561738164
R T4_OWNER_1 = 5,591253485
R T4_OWNER_0 = 5,1442354508
W T4_OWNER_1 = 5,1413152635
W T4_OWNER_0 = 5,-856570634
W T4_OWNER_2 = 5,1450983714
R T4_OWNER_1 = 5,1413152635
R T4_OWNER_2 = 5,1450983714
W T4_OWNER_1 = 5,-852250943
R T4_OWNER_0 = 5,-856570634
W T4_OWNER_2 = 5,-814411624
R T4_OWNER_1 = 5,-852250943
R T4_OWNER_2 = 5,-814411624
W T4_OWNER_0 = 5,-1141443488
W T4_OWNER_1 = 5,-1170956713
W T4_OWNER_2 = 5,-1200480242
R T4_OWNER_1 = 5,-1170956713
R T4_OWNER_2 = 5,-1200480242
R T4_OWNER_0 = 5,-1141443488
W T4_OWNER_2 = 5,684539295
W T4_OWNER_1 = 5,713786310
R T4_OWNER_2 = 5,684539295
W T4_OWNER_0 = 5,726264305
R T4_OWNER_1 = 5,713786310
W T4_OWNER_2 = 5,1607077129
R T4_OWNER_0 = 5,726264305
W T4_OWNER_1 = 5,1569502032
W T4_OWNER_0 = 5,1548671335
R T4_OWNER_2 = 5,1607077129
R T4_OWNER_1 = 5,1569502032
W T4_OWNER_2 = 6,1166092160
R T4_OWNER_0 = 5,1548671335
W T4_OWNER_1 = 6,1463060590
W T4_OWNER_0 = 6,-276238581
R T4_OWNER_2 = 6,1166092160
R T4_OWNER_1 = 6,1463060590
R T4_OWNER_0 = 6,-276238581
W T4_OWNER_2 = 6,847648534
R T4_OWNER_2 = 6,847648534
W T4_OWNER_1 = 6,540260600
W T4_OWNER_0 = 6,-1735401571
W T4_OWNER_2 = 6,-1416673620
R T4_OWNER_2 = 6,-1416673620
R T4_OWNER_1 = 6,540260600
W T4_OWNER_1 = 6,-1187321534
R T4_OWNER_0 = 6,-1735401571
W T4_OWNER_2 = 6,-595036614
R T4_OWNER_1 = 6,-1187321534
R T4_OWNER_2 = 6,-595036614
W T4_OWNER_1 = 6,-834807340
W T4_OWNER_0 = 6,25595431
R T4_OWNER_0 = 6,25595431
W T4_OWNER_2 = 6,1122821017
R T4_OWNER_1 = 6,-834807340
W T4_OWNER_1 = 6,1348029559
W T4_OWNER_0 = 6,1988214449
R T4_OWNER_1 = 6,1348029559
R T4_OWNER_2 = 6,1122821017
W T4_OWNER_1 = 6,660503777
R T4_OWNER_0 = 6,1988214449
R T4_OWNER_1 = 6,660503777
W T4_OWNER_2 = 6,904647439
W T4_OWNER_1 = 6,-1101583013
W T4_OWNER_0 = 6,-387634414
R T4_OWNER_1 = 6,-1101583013
R T4_OWNER_2 = 6,904647439
W T4_OWNER_2 = 6,-1394441547
R T4_OWNER_0 = 6,-387634414
W T4_OWNER_0 = 6,-1612571772
R T4_OWNER_2 = 6,-1394441547
W T4_OWNER_1 = 6,-917496371
W T4_OWNER_2 = 6,-605703645
R T4_OWNER_2 = 6,-605703645
R T4_OWNER_1 = 6,-917496371
R T4_OWNER_0 = 6,-1612571772
W T4_OWNER_2 = 6,1264234418
W T4_OWNER_1 = 6,1508835420
R T4_OWNER_2 = 6,1264234418
W T4_OWNER_0 = 6,116083262
R T4_OWNER_0 = 6,116083262
R T4_OWNER_1 = 6,1508835420
W T4_OWNER_1 = 6,786968778
W T4_OWNER_2 = 6,1012768548
W T4_OWNER_0 = 6,1911323304
R T4_OWNER_2 = 6,1012768548
R T4_OWNER_1 = 6,786968778
R T4_OWNER_0 = 6,1911323304
W T4_OWNER_0 = 6,-514627783
R T4_OWNER_0 = 6,-514627783
W T4_OWNER_0 = 6,-1772857425
R T4_OWNER_0 = 6,-1772857425
W T4_OWNER_3 = 5,668262298
R T4_OWNER_3 = 5,668262298
W T4_OWNER_3 = 5,1356066572
R T4_OWNER_3 = 5,1356066572
W T4_OWNER_3 = 5,-908411210
R T4_OWNER_3 = 5,-908411210
W T4_OWNER_3 = 5,-1092776416
R T4_OWNER_3 = 5,-1092776416
W T4_OWNER_3 = 5,549002115
R T4_OWNER_3 = 5,549002115
W T4_OWNER_3 = 5,1472080661
R T4_OWNER_3 = 5,1472080661
W T4_OWNER_3 = 5,-826836305
R T4_OWNER_3 = 5,-826836305
W T4_OWNER_3 = 5,-1179628999
R T4_OWNER_3 = 5,-1179628999
W T4_OWNER_3 = 5,688871336
R T4_OWNER_3 = 5,688871336
W T4_OWNER_3 = 5,1577609022
R T4_OWNER_3 = 5,1577609022
W T4_OWNER_3 = 6,-46317339
R T4_OWNER_3 = 6,-46317339
W T4_OWNER_3 = 6,-1975881613
R T4_OWNER_3 = 6,-1975881613
W T4_OWNER_3 = 6,322118089
R T4_OWNER_3 = 6,322118089
W T4_OWNER_3 = 6,1681133919
R T4_OWNER_3 = 6,1681133919
W T4_OWNER_3 = 6,-95386372
R T4_OWNER_3 = 6,-95386372
W T4_OWNER_3 = 6,-1923632022
R T4_OWNER_3 = 6,-1923632022
W T4_OWNER_3 = 6,341763536
R T4_OWNER_3 = 6,341763536
W T4_OWNER_3 = 6,1666831686
R T4_OWNER_3 = 6,1666831686
W T4_OWNER_3 = 6,-202979113
R T4_OWNER_3 = 6,-202979113
W T4_OWNER_3 = 6,-2065565631
R T4_OWNER_3 = 6,-2065565631
D T4_OWNER_0 

D T4_OWNER_1 

D T4_OWNER_2 

D T4_OWNER_3 

W T5_K10 = 5,-159332194
W T5_K7 = 5,730738819
D T5_K6 

D T5_K7 

D T5_K5 

D T5_K3 

D T5_K9 

W T5_K1 = 5,1541719052
W T5_K10 = 5,1871288612
D T5_K14 

W T5_K2 = 5,-236123001
W T5_K4 = 5,-1242913504
W T5_K7 = 5,-1486943538
W T5_K4 = 5,-1024617034
W T5_K7 = 5,-799524264
D T5_K13 

R T5_K7 = 5,-799524264
D T5_K1 

D T5_K10 

D T5_K10 

D T5_K14 

D T5_K5 

D T5_K14 

D T5_K12 

W T5_K2 = 6,344961479
R T5_K7 = 5,-799524264
W T5_K10 = 6,1850729127
D T5_K12 

W T5_K1 = 6,-34859790
D T5_K10 

D T5_K6 

D T5_K12 

W T5_K11 = 6,1501916408
W T5_K13 = 6,-918916759
R T5_K1 = 6,-34859790
R T5_K2 = 6,344961479
W T5_K5 = 6,-1103281665
W T5_K1 = 6,-1902507079
W T5_K10 = 6,-195405607
W T5_K5 = 6,-322131304
W T5_K0 = 6,-1681155570
D T5_K4 

D T5_K2 

W T5_K5 = 6,-777223384
D T5_K12 

D T5_K11 

D T5_K3 

D T5_K3 

D T5_K11 

D T5_K6 

W T5_K2 = 6,-1666818537
W T5_K13 = 6,845513202
D T5_K1 

D T5_K13 

W T5_K1 = 6,-1409215407
W T5_K13 = 6,-501800278
W T5_K9 = 6,1108309373
D T5_K12 

W T5_K6 = 6,-1794108868
D T5_K6 

D T5_K0 

R T5_K7 = 5,-799524264
W T5_K3 = 6,-760190740
D T5_K11 

D T5_K6 

R T5_K7 = 5,-799524264
W T5_K7 = 6,-1300766455
W T5_K4 = 6,-927485335
R T5_K3 = 6,-760190740
D T5_K12 

W T5_K4 = 6,1826540131
D T5_K2 

W T5_K13 = 6,-222666816
D T5_K2 

D T5_K13 

D T5_K14 

W T5_K7 = 6,1806896762
D T5_K13 

R T5_K7 = 6,1806896762
W T5_K0 = 6,-1038281338
W T5_K3 = 6,-1945427075
D T5_K2 

D T5_K5 

W T5_K14 = 6,739472554
R T5_K14 = 6,739472554
D T5_K0 

D T5_K3 

R T5_K10 = 6,-195405607
D T5_K13 

W T5_K0 = 6,-877962835
D T5_K14 

D T5_K8 

D T5_K5 

D T5_K14 

D T5_K6 

R T5_K4 = 6,1826540131
W T5_K14 = 6,322442978
W T5_K11 = 6,-2013911890
D T5_K4 

D T5_K3 

W T5_K2 = 6,-1018513990
W T5_K2 = 6,1681860212
D T5_K12 

D T5_K2 

W T5_K10 = 6,-1923316927
W T5_K1 = 6,1777878402
D T5_K8 

D T5_K13 

W T5_K11 = 6,-2137268041
R T5_K14 = 6,322442978
R T5_K14 = 6,322442978
D T5_K8 

W T5_K14 = 6,-2064986262
D T5_K8 

D T5_K3 

D T5_K11 

D T5_K5 

W T5_K8 = 5,-466262160
W T5_K12 = 5,-1825417242
W T5_K2 = 5,171640412
D T5_K3 

D T5_K8 

D T5_K14 

W T5_K5 = 5,223789637
W T5_K5 = 5,2052190931
D T5_K1 

D T5_K2 

W T5_K10 = 6,-1121867205
D T5_K14 

R T5_K12 = 5,-1825417242
W T5_K4 = 6,-1169396190
W T5_K6 = 6,-850698572
R T5_K7 = 6,1806896762
W T5_K10 = 6,591740824
R T5_K9 = 6,1108309373
D T5_K4 

W T5_K2 = 6,-1777534472
W T5_K4 = 6,-519321234
W T5_K7 = 6,2013436116
W T5_K12 = 6,252028994
W T5_K10 = 6,-1855898143
D T5_K10 

W T5_K8 = 6,2138004685
W T5_K13 = 6,141061211
D T5_K8 

D T5_K0 

W T5_K11 = 6,-1894266695
W T5_K14 = 6,-133105617
R T5_K12 = 6,252028994
R T5_K13 = 6,141061211
D T5_K5 

R T5_K4 = 6,-519321234
W T5_K1 = 6,292773146
D T5_K11 

D T5_K12 

R T5_K4 = 6,-519321234
D T5_K10 

W T5_K0 = 6,777535314
D T5_K3 

D T5_K4 

W T5_K12 = 6,-1338201359
D T5_K1 

W T5_K5 = 6,-829565364
R T5_K12 = 6,-1338201359
D T5_K0 

D T5_K1 

D T5_K2 

D T5_K3 

D T5_K4 

D T5_K5 

D T5_K6 

D T5_K7 

D T5_K8 

D T5_K9 

D T5_K10 

D T5_K11 

D T5_K12 

D T5_K13 

D T5_K14 

W T6_0_0 = 6,2121927589
W T6_2_0 = 6,2121927589
W T6_1_0 = 6,2121927589
D T6_0_0 

W T6_0_1 = 6,159202099
D T6_1_0 

D T6_2_0 

D T6_0_1 

W T6_0_2 = 6,-1871418743
D T6_0_2 

W T6_1_1 = 6,159202099
W T6_2_1 = 6,159202099
D T6_1_1 

D T6_2_1 

W T6_0_3 = 6,-411870689
D T6_0_3 

W T6_1_2 = 6,-1871418743
W T6_2_2 = 6,-1871418743
D T6_1_2 

D T6_2_2 

W T6_1_3 = 6,-411870689
W T6_0_4 = 6,2031603644
D T6_1_3 

D T6_0_4 

W T6_2_3 = 6,-411870689
W T6_1_4 = 6,2031603644
W T6_0_5 = 6,235994922
D T6_2_3 

D T6_1_4 

D T6_0_5 

W T6_1_5 = 6,235994922
W T6_2_4 = 6,2031603644
D T6_1_5 

W T6_0_6 = 6,-1759924592
D T6_2_4 

D T6_0_6 

W T6_0_7 = 6,-534864378
D T6_0_7 

W T6_2_5 = 6,235994922
W T6_1_6 = 6,-1759924592
D T6_2_5 

D T6_1_6 

W T6_2_6 = 6,-1759924592
W T6_1_7 = 6,-534864378
W T6_0_8 = 6,1889633175
D T6_0_8 

D T6_1_7 

D T6_2_6 

W T6_0_9 = 6,128365313
W T6_1_8 = 6,1889633175
D T6_1_8 

W T6_2_7 = 6,-534864378
D T6_0_9 

D T6_2_7 

W T6_1_9 = 6,128365313
D T6_1_9 

W T6_0_10 = 7,1258472204
W T6_2_8 = 6,1889633175
D T6_2_8 

W T6_1_10 = 7,1258472204
D T6_0_10 

D T6_1_10 

W T6_2_9 = 6,128365313
D T6_2_9 

W T6_0_11 = 7,1007023002
W T6_1_11 = 7,1007023002
D T6_1_11 

W T6_2_10 = 7,1258472204
D T6_2_10 

D T6_0_11 

W T6_1_12 = 7,-1525898720
W T6_2_11 = 7,1007023002
D T6_2_11 

W T6_0_12 = 7,-1525898720
D T6_1_12 

D T6_0_12 

W T6_1_13 = 7,-770993482
D T6_1_13 

W T6_0_13 = 7,-770993482
W T6_2_12 = 7,-1525898720
D T6_0_13 

D T6_2_12 

W T6_1_14 = 7,1282344725
D T6_1_14 

W T6_0_14 = 7,1282344725
W T6_2_13 = 7,-770993482
D T6_0_14 

W T6_1_15 = 7,996685699
D T6_1_15 

D T6_2_13 

W T6_0_15 = 7,996685699
D T6_0_15 

W T6_2_14 = 7,1282344725
W T6_0_16 = 7,-1570675143
W T6_1_16 = 7,-1570675143
D T6_1_16 

D T6_2_14 

D T6_0_16 

W T6_1_17 = 7,-714713425
W T6_0_17 = 7,-714713425
W T6_2_15 = 7,996685699
D T6_0_17 

D T6_1_17 

D T6_2_15 

W T6_1_18 = 7,1171868478
W T6_2_16 = 7,-1570675143
W T6_0_18 = 7,1171868478
D T6_1_18 

D T6_0_18 

D T6_2_16 

W T6_1_19 = 7,853441448
D T6_1_19 

W T6_0_19 = 7,853441448
W T6_2_17 = 7,-714713425
D T6_2_17 

D T6_0_19 

W T6_2_18 = 7,1171868478
D T6_2_18 

W T6_2_19 = 7,853441448
D T6_2_19 

W T6_3_0 = 6,2121927589
D T6_3_0 

W T6_3_1 = 6,159202099
D T6_3_1 

W T6_3_2 = 6,-1871418743
D T6_3_2 

W T6_3_3 = 6,-411870689
D T6_3_3 

W T6_3_4 = 6,2031603644
D T6_3_4 

W T6_3_5 = 6,235994922
D T6_3_5 

W T6_3_6 = 6,-1759924592
D T6_3_6 

W T6_3_7 = 6,-534864378
D T6_3_7 

W T6_3_8 = 6,1889633175
D T6_3_8 

W T6_3_9 = 6,128365313
D T6_3_9 

W T6_3_10 = 7,1258472204
D T6_3_10 

W T6_3_11 = 7,10070230